<?xml version="1.0" encoding="UTF-8" ?>
<testsuite tests="6" failures="0" name="com.mls.booking.fileParser.TestFileParser" time="0.108" errors="0" skipped="0">
  <properties>
[...]
</properties>
  <testcase classname="com.mls.booking.fileParser.TestFileParser" name="testMeetingScheduleFormat_WhenInputIsNotValid" time="0.093"/>
  <testcase classname="com.mls.booking.fileParser.TestFileParser" name="testCompanyOfficeHoursFormat_WhenInputIsNotValid" time="0"/>
  <testcase classname="com.mls.booking.fileParser.TestFileParser" name="testBookingRequestFormat_WhenInputIsNotValid" time="0.015"/>
  <testcase classname="com.mls.booking.fileParser.TestFileParser" name="testMeetingScheduleFormat_WhenInputIsValid" time="0"/>
  <testcase classname="com.mls.booking.fileParser.TestFileParser" name="testCompanyOfficeHoursFormat_WhenInputIsValid" time="0"/>
  <testcase classname="com.mls.booking.fileParser.TestFileParser" name="testBookingRequestFormat_WhenInputIsValid" time="0"/>
</testsuite>